  test1.c
  test2.c
  正在生成代码...
test2.obj : error LNK2005: _main 已经在 test1.obj 中定义
C:\Users\汐\Desktop\代码\test_2021.7.5\Debug\test_2021.7.5.exe : fatal error LNK1169: 找到一个或多个多重定义的符号
